<?xml version="1.0" encoding="UTF-8"?>
<testsuite name="com.jojoldu.book.springboot.web.IndexControllerTest" tests="1" skipped="0" failures="0" errors="0" timestamp="2020-12-15T13:57:37" hostname="DESKTOP-C2LMPKS" time="0.158">
  <properties/>
  <testcase name="index" classname="com.jojoldu.book.springboot.web.IndexControllerTest" time="0.158"/>
  <system-out><![CDATA[2020-12-15 22:57:35.290  INFO 6848 --- [    Test worker] .b.t.c.SpringBootTestContextBootstrapper : Neither @ContextConfiguration nor @ContextHierarchy found for test class [com.jojoldu.book.springboot.web.IndexControllerTest], using SpringBootContextLoader
2020-12-15 22:57:35.291  INFO 6848 --- [    Test worker] o.s.t.c.support.AbstractContextLoader    : Could not detect default resource locations for test class [com.jojoldu.book.springboot.web.IndexControllerTest]: no resource found for suffixes {-context.xml, Context.groovy}.
2020-12-15 22:57:35.291  INFO 6848 --- [    Test worker] t.c.s.AnnotationConfigContextLoaderUtils : Could not detect default configuration classes for test class [com.jojoldu.book.springboot.web.IndexControllerTest]: IndexControllerTest does not declare any static, non-private, non-final, nested classes annotated with @Configuration.
2020-12-15 22:57:35.293  INFO 6848 --- [    Test worker] .b.t.c.SpringBootTestContextBootstrapper : Found @SpringBootConfiguration com.jojoldu.book.springboot.Application for test class com.jojoldu.book.springboot.web.IndexControllerTest
2020-12-15 22:57:35.294  INFO 6848 --- [    Test worker] .b.t.c.SpringBootTestContextBootstrapper : Loaded default TestExecutionListener class names from location [META-INF/spring.factories]: [org.springframework.security.test.context.support.WithSecurityContextTestExecutionListener, org.springframework.security.test.context.support.ReactorContextTestExecutionListener, org.springframework.boot.test.autoconfigure.restdocs.RestDocsTestExecutionListener, org.springframework.boot.test.autoconfigure.web.client.MockRestServiceServerResetTestExecutionListener, org.springframework.boot.test.autoconfigure.web.servlet.MockMvcPrintOnlyOnFailureTestExecutionListener, org.springframework.boot.test.autoconfigure.web.servlet.WebDriverTestExecutionListener, org.springframework.boot.test.mock.mockito.MockitoTestExecutionListener, org.springframework.boot.test.mock.mockito.ResetMocksTestExecutionListener, org.springframework.test.context.web.ServletTestExecutionListener, org.springframework.test.context.support.DirtiesContextBeforeModesTestExecutionListener, org.springframework.test.context.support.DependencyInjectionTestExecutionListener, org.springframework.test.context.support.DirtiesContextTestExecutionListener, org.springframework.test.context.transaction.TransactionalTestExecutionListener, org.springframework.test.context.jdbc.SqlScriptsTestExecutionListener]
2020-12-15 22:57:35.295  INFO 6848 --- [    Test worker] .b.t.c.SpringBootTestContextBootstrapper : Using TestExecutionListeners: [org.springframework.test.context.web.ServletTestExecutionListener@4cb16b86, org.springframework.test.context.support.DirtiesContextBeforeModesTestExecutionListener@447c3c12, org.springframework.boot.test.mock.mockito.MockitoTestExecutionListener@5ad567ad, org.springframework.boot.test.autoconfigure.SpringBootDependencyInjectionTestExecutionListener@494f46a9, org.springframework.test.context.support.DirtiesContextTestExecutionListener@e65e95d, org.springframework.test.context.transaction.TransactionalTestExecutionListener@2bdcd82f, org.springframework.test.context.jdbc.SqlScriptsTestExecutionListener@5ac53af6, org.springframework.security.test.context.support.WithSecurityContextTestExecutionListener@690c5509, org.springframework.security.test.context.support.ReactorContextTestExecutionListener@48027674, org.springframework.boot.test.autoconfigure.restdocs.RestDocsTestExecutionListener@5d2c2fb, org.springframework.boot.test.autoconfigure.web.client.MockRestServiceServerResetTestExecutionListener@76334a3d, org.springframework.boot.test.autoconfigure.web.servlet.MockMvcPrintOnlyOnFailureTestExecutionListener@7d9cfdef, org.springframework.boot.test.autoconfigure.web.servlet.WebDriverTestExecutionListener@267695fe, org.springframework.boot.test.mock.mockito.ResetMocksTestExecutionListener@35a04ed1]

  .   ____          _            __ _ _
 /\\ / ___'_ __ _ _(_)_ __  __ _ \ \ \ \
( ( )\___ | '_ | '_| | '_ \/ _` | \ \ \ \
 \\/  ___)| |_)| | | | | || (_| |  ) ) ) )
  '  |____| .__|_| |_|_| |_\__, | / / / /
 =========|_|==============|___/=/_/_/_/
 :: Spring Boot ::        (v2.1.7.RELEASE)

2020-12-15 22:57:35.336  INFO 6848 --- [    Test worker] c.j.b.s.web.IndexControllerTest          : Starting IndexControllerTest on DESKTOP-C2LMPKS with PID 6848 (started by m in E:\IJworkspace\com.jojoldo.book)
2020-12-15 22:57:35.337  INFO 6848 --- [    Test worker] c.j.b.s.web.IndexControllerTest          : The following profiles are active: oauth
2020-12-15 22:57:35.514  INFO 6848 --- [    Test worker] .s.d.r.c.RepositoryConfigurationDelegate : Bootstrapping Spring Data repositories in DEFAULT mode.
2020-12-15 22:57:35.528  INFO 6848 --- [    Test worker] .s.d.r.c.RepositoryConfigurationDelegate : Finished Spring Data repository scanning in 13ms. Found 2 repository interfaces.
2020-12-15 22:57:35.610  INFO 6848 --- [    Test worker] trationDelegate$BeanPostProcessorChecker : Bean 'org.springframework.transaction.annotation.ProxyTransactionManagementConfiguration' of type [org.springframework.transaction.annotation.ProxyTransactionManagementConfiguration$$EnhancerBySpringCGLIB$$169b6c2b] is not eligible for getting processed by all BeanPostProcessors (for example: not eligible for auto-proxying)
2020-12-15 22:57:35.810  INFO 6848 --- [    Test worker] o.s.b.w.embedded.tomcat.TomcatWebServer  : Tomcat initialized with port(s): 0 (http)
2020-12-15 22:57:35.840  INFO 6848 --- [    Test worker] o.apache.catalina.core.StandardService   : Starting service [Tomcat]
2020-12-15 22:57:35.840  INFO 6848 --- [    Test worker] org.apache.catalina.core.StandardEngine  : Starting Servlet engine: [Apache Tomcat/9.0.22]
2020-12-15 22:57:35.852  INFO 6848 --- [    Test worker] o.a.catalina.core.AprLifecycleListener   : Loaded APR based Apache Tomcat Native library [1.2.24] using APR version [1.7.0].
2020-12-15 22:57:35.852  INFO 6848 --- [    Test worker] o.a.catalina.core.AprLifecycleListener   : APR capabilities: IPv6 [true], sendfile [true], accept filters [false], random [true].
2020-12-15 22:57:35.852  INFO 6848 --- [    Test worker] o.a.catalina.core.AprLifecycleListener   : APR/OpenSSL configuration: useAprConnector [false], useOpenSSL [true]
2020-12-15 22:57:35.856  INFO 6848 --- [    Test worker] o.a.catalina.core.AprLifecycleListener   : OpenSSL successfully initialized [OpenSSL 1.1.1g  21 Apr 2020]
2020-12-15 22:57:35.991  INFO 6848 --- [    Test worker] o.a.c.c.C.[Tomcat].[localhost].[/]       : Initializing Spring embedded WebApplicationContext
2020-12-15 22:57:35.991  INFO 6848 --- [    Test worker] o.s.web.context.ContextLoader            : Root WebApplicationContext: initialization completed in 652 ms
2020-12-15 22:57:36.151  INFO 6848 --- [    Test worker] com.zaxxer.hikari.HikariDataSource       : HikariPool-2 - Starting...
2020-12-15 22:57:36.153  INFO 6848 --- [    Test worker] com.zaxxer.hikari.HikariDataSource       : HikariPool-2 - Start completed.
2020-12-15 22:57:36.183  INFO 6848 --- [    Test worker] o.hibernate.jpa.internal.util.LogHelper  : HHH000204: Processing PersistenceUnitInfo [
	name: default
	...]
2020-12-15 22:57:36.190  INFO 6848 --- [    Test worker] org.hibernate.dialect.Dialect            : HHH000400: Using dialect: org.hibernate.dialect.MySQL5InnoDBDialect
Hibernate: drop table if exists posts
Hibernate: drop table if exists user
Hibernate: create table posts (id bigint not null auto_increment, created_date datetime, modified_date datetime, author varchar(255), content TEXT not null, title varchar(500) not null, primary key (id)) engine=InnoDB
Hibernate: create table user (id bigint not null auto_increment, created_date datetime, modified_date datetime, email varchar(255) not null, name varchar(255) not null, picture varchar(255), role varchar(255) not null, primary key (id)) engine=InnoDB
2020-12-15 22:57:36.239  INFO 6848 --- [    Test worker] o.h.t.schema.internal.SchemaCreatorImpl  : HHH000476: Executing import script 'org.hibernate.tool.schema.internal.exec.ScriptSourceInputNonExistentImpl@2f51e122'
2020-12-15 22:57:36.239  INFO 6848 --- [    Test worker] j.LocalContainerEntityManagerFactoryBean : Initialized JPA EntityManagerFactory for persistence unit 'default'
2020-12-15 22:57:36.529  INFO 6848 --- [    Test worker] o.h.h.i.QueryTranslatorFactoryInitiator  : HHH000397: Using ASTQueryTranslatorFactory
2020-12-15 22:57:36.663  INFO 6848 --- [    Test worker] o.s.s.web.DefaultSecurityFilterChain     : Creating filter chain: any request, [org.springframework.security.web.context.request.async.WebAsyncManagerIntegrationFilter@7348db82, org.springframework.security.web.context.SecurityContextPersistenceFilter@1dfec76e, org.springframework.security.web.header.HeaderWriterFilter@1aff0e7, org.springframework.security.web.authentication.logout.LogoutFilter@39111cc2, org.springframework.security.oauth2.client.web.OAuth2AuthorizationRequestRedirectFilter@443b9232, org.springframework.security.oauth2.client.web.OAuth2LoginAuthenticationFilter@4fb37822, org.springframework.security.web.authentication.ui.DefaultLoginPageGeneratingFilter@52bf644c, org.springframework.security.web.authentication.ui.DefaultLogoutPageGeneratingFilter@436d379b, org.springframework.security.web.savedrequest.RequestCacheAwareFilter@709f94a6, org.springframework.security.web.servletapi.SecurityContextHolderAwareRequestFilter@e497a9a, org.springframework.security.web.authentication.AnonymousAuthenticationFilter@5b5f87c6, org.springframework.security.web.session.SessionManagementFilter@4383f53a, org.springframework.security.web.access.ExceptionTranslationFilter@252914bb, org.springframework.security.web.access.intercept.FilterSecurityInterceptor@7ae95f97]
2020-12-15 22:57:36.791  INFO 6848 --- [    Test worker] o.s.s.concurrent.ThreadPoolTaskExecutor  : Initializing ExecutorService 'applicationTaskExecutor'
2020-12-15 22:57:36.800  WARN 6848 --- [    Test worker] aWebConfiguration$JpaWebMvcConfiguration : spring.jpa.open-in-view is enabled by default. Therefore, database queries may be performed during view rendering. Explicitly configure spring.jpa.open-in-view to disable this warning
2020-12-15 22:57:36.823  INFO 6848 --- [    Test worker] o.s.b.a.w.s.WelcomePageHandlerMapping    : Adding welcome page template: index
2020-12-15 22:57:37.019  INFO 6848 --- [    Test worker] s.a.ScheduledAnnotationBeanPostProcessor : No TaskScheduler/ScheduledExecutorService bean found for scheduled processing
2020-12-15 22:57:37.036  INFO 6848 --- [    Test worker] o.s.b.w.embedded.tomcat.TomcatWebServer  : Tomcat started on port(s): 60777 (http) with context path ''
2020-12-15 22:57:37.036  INFO 6848 --- [    Test worker] c.j.b.s.web.IndexControllerTest          : Started IndexControllerTest in 1.739 seconds (JVM running for 9.062)
2020-12-15 22:57:37.116  INFO 6848 --- [o-auto-1-exec-1] o.a.c.c.C.[Tomcat].[localhost].[/]       : Initializing Spring DispatcherServlet 'dispatcherServlet'
2020-12-15 22:57:37.116  INFO 6848 --- [o-auto-1-exec-1] o.s.web.servlet.DispatcherServlet        : Initializing Servlet 'dispatcherServlet'
2020-12-15 22:57:37.131  INFO 6848 --- [o-auto-1-exec-1] o.s.web.servlet.DispatcherServlet        : Completed initialization in 15 ms
Hibernate: select posts0_.id as id1_0_, posts0_.created_date as created_2_0_, posts0_.modified_date as modified3_0_, posts0_.author as author4_0_, posts0_.content as content5_0_, posts0_.title as title6_0_ from posts posts0_ order by posts0_.id DESC
]]></system-out>
  <system-err><![CDATA[]]></system-err>
</testsuite>
