<?xml version="1.0" encoding="UTF-8"?>
<testsuite name="com.jojoldu.book.springboot.web.IndexControllerTest" tests="1" skipped="0" failures="0" errors="0" timestamp="2020-12-22T05:10:23" hostname="DESKTOP-C2LMPKS" time="0.145">
  <properties/>
  <testcase name="index" classname="com.jojoldu.book.springboot.web.IndexControllerTest" time="0.145"/>
  <system-out><![CDATA[2020-12-22 14:10:22.251  INFO 10256 --- [    Test worker] .b.t.c.SpringBootTestContextBootstrapper : Neither @ContextConfiguration nor @ContextHierarchy found for test class [com.jojoldu.book.springboot.web.IndexControllerTest], using SpringBootContextLoader
2020-12-22 14:10:22.251  INFO 10256 --- [    Test worker] o.s.t.c.support.AbstractContextLoader    : Could not detect default resource locations for test class [com.jojoldu.book.springboot.web.IndexControllerTest]: no resource found for suffixes {-context.xml, Context.groovy}.
2020-12-22 14:10:22.251  INFO 10256 --- [    Test worker] t.c.s.AnnotationConfigContextLoaderUtils : Could not detect default configuration classes for test class [com.jojoldu.book.springboot.web.IndexControllerTest]: IndexControllerTest does not declare any static, non-private, non-final, nested classes annotated with @Configuration.
2020-12-22 14:10:22.253  INFO 10256 --- [    Test worker] .b.t.c.SpringBootTestContextBootstrapper : Found @SpringBootConfiguration com.jojoldu.book.springboot.Application for test class com.jojoldu.book.springboot.web.IndexControllerTest
2020-12-22 14:10:22.254  INFO 10256 --- [    Test worker] .b.t.c.SpringBootTestContextBootstrapper : Loaded default TestExecutionListener class names from location [META-INF/spring.factories]: [org.springframework.security.test.context.support.WithSecurityContextTestExecutionListener, org.springframework.security.test.context.support.ReactorContextTestExecutionListener, org.springframework.boot.test.autoconfigure.restdocs.RestDocsTestExecutionListener, org.springframework.boot.test.autoconfigure.web.client.MockRestServiceServerResetTestExecutionListener, org.springframework.boot.test.autoconfigure.web.servlet.MockMvcPrintOnlyOnFailureTestExecutionListener, org.springframework.boot.test.autoconfigure.web.servlet.WebDriverTestExecutionListener, org.springframework.boot.test.mock.mockito.MockitoTestExecutionListener, org.springframework.boot.test.mock.mockito.ResetMocksTestExecutionListener, org.springframework.test.context.web.ServletTestExecutionListener, org.springframework.test.context.support.DirtiesContextBeforeModesTestExecutionListener, org.springframework.test.context.support.DependencyInjectionTestExecutionListener, org.springframework.test.context.support.DirtiesContextTestExecutionListener, org.springframework.test.context.transaction.TransactionalTestExecutionListener, org.springframework.test.context.jdbc.SqlScriptsTestExecutionListener]
2020-12-22 14:10:22.254  INFO 10256 --- [    Test worker] .b.t.c.SpringBootTestContextBootstrapper : Using TestExecutionListeners: [org.springframework.test.context.web.ServletTestExecutionListener@1991534b, org.springframework.test.context.support.DirtiesContextBeforeModesTestExecutionListener@4f777bbc, org.springframework.boot.test.mock.mockito.MockitoTestExecutionListener@1a9b1973, org.springframework.boot.test.autoconfigure.SpringBootDependencyInjectionTestExecutionListener@26ce910a, org.springframework.test.context.support.DirtiesContextTestExecutionListener@35568593, org.springframework.test.context.transaction.TransactionalTestExecutionListener@4188b21e, org.springframework.test.context.jdbc.SqlScriptsTestExecutionListener@39a6bdd, org.springframework.security.test.context.support.WithSecurityContextTestExecutionListener@510eec65, org.springframework.security.test.context.support.ReactorContextTestExecutionListener@50f591ca, org.springframework.boot.test.autoconfigure.restdocs.RestDocsTestExecutionListener@54e9c188, org.springframework.boot.test.autoconfigure.web.client.MockRestServiceServerResetTestExecutionListener@4fd8c4b, org.springframework.boot.test.autoconfigure.web.servlet.MockMvcPrintOnlyOnFailureTestExecutionListener@22363575, org.springframework.boot.test.autoconfigure.web.servlet.WebDriverTestExecutionListener@5eb18b38, org.springframework.boot.test.mock.mockito.ResetMocksTestExecutionListener@444ef4e7]

  .   ____          _            __ _ _
 /\\ / ___'_ __ _ _(_)_ __  __ _ \ \ \ \
( ( )\___ | '_ | '_| | '_ \/ _` | \ \ \ \
 \\/  ___)| |_)| | | | | || (_| |  ) ) ) )
  '  |____| .__|_| |_|_| |_\__, | / / / /
 =========|_|==============|___/=/_/_/_/
 :: Spring Boot ::        (v2.1.9.RELEASE)

2020-12-22 14:10:22.282  INFO 10256 --- [    Test worker] c.j.b.s.web.IndexControllerTest          : Starting IndexControllerTest on DESKTOP-C2LMPKS with PID 10256 (started by m in E:\IJworkspace\com.jojoldo.book)
2020-12-22 14:10:22.282  INFO 10256 --- [    Test worker] c.j.b.s.web.IndexControllerTest          : The following profiles are active: oauth
2020-12-22 14:10:22.425  INFO 10256 --- [    Test worker] .s.d.r.c.RepositoryConfigurationDelegate : Bootstrapping Spring Data repositories in DEFAULT mode.
2020-12-22 14:10:22.437  INFO 10256 --- [    Test worker] .s.d.r.c.RepositoryConfigurationDelegate : Finished Spring Data repository scanning in 12ms. Found 2 repository interfaces.
2020-12-22 14:10:22.504  INFO 10256 --- [    Test worker] trationDelegate$BeanPostProcessorChecker : Bean 'org.springframework.transaction.annotation.ProxyTransactionManagementConfiguration' of type [org.springframework.transaction.annotation.ProxyTransactionManagementConfiguration$$EnhancerBySpringCGLIB$$c64981d8] is not eligible for getting processed by all BeanPostProcessors (for example: not eligible for auto-proxying)
2020-12-22 14:10:22.702  INFO 10256 --- [    Test worker] o.s.b.w.embedded.tomcat.TomcatWebServer  : Tomcat initialized with port(s): 0 (http)
2020-12-22 14:10:22.728  INFO 10256 --- [    Test worker] o.apache.catalina.core.StandardService   : Starting service [Tomcat]
2020-12-22 14:10:22.729  INFO 10256 --- [    Test worker] org.apache.catalina.core.StandardEngine  : Starting Servlet engine: [Apache Tomcat/9.0.26]
2020-12-22 14:10:22.739  INFO 10256 --- [    Test worker] o.a.catalina.core.AprLifecycleListener   : Loaded APR based Apache Tomcat Native library [1.2.24] using APR version [1.7.0].
2020-12-22 14:10:22.739  INFO 10256 --- [    Test worker] o.a.catalina.core.AprLifecycleListener   : APR capabilities: IPv6 [true], sendfile [true], accept filters [false], random [true].
2020-12-22 14:10:22.739  INFO 10256 --- [    Test worker] o.a.catalina.core.AprLifecycleListener   : APR/OpenSSL configuration: useAprConnector [false], useOpenSSL [true]
2020-12-22 14:10:22.742  INFO 10256 --- [    Test worker] o.a.catalina.core.AprLifecycleListener   : OpenSSL successfully initialized [OpenSSL 1.1.1g  21 Apr 2020]
2020-12-22 14:10:22.857  INFO 10256 --- [    Test worker] o.a.c.c.C.[Tomcat].[localhost].[/]       : Initializing Spring embedded WebApplicationContext
2020-12-22 14:10:22.857  INFO 10256 --- [    Test worker] o.s.web.context.ContextLoader            : Root WebApplicationContext: initialization completed in 562 ms
2020-12-22 14:10:22.985  INFO 10256 --- [    Test worker] com.zaxxer.hikari.HikariDataSource       : HikariPool-2 - Starting...
2020-12-22 14:10:22.986  INFO 10256 --- [    Test worker] com.zaxxer.hikari.HikariDataSource       : HikariPool-2 - Start completed.
2020-12-22 14:10:23.009  INFO 10256 --- [    Test worker] o.hibernate.jpa.internal.util.LogHelper  : HHH000204: Processing PersistenceUnitInfo [
	name: default
	...]
2020-12-22 14:10:23.015  INFO 10256 --- [    Test worker] org.hibernate.dialect.Dialect            : HHH000400: Using dialect: org.hibernate.dialect.MySQL5InnoDBDialect
Hibernate: drop table if exists posts
Hibernate: drop table if exists user
Hibernate: create table posts (id bigint not null auto_increment, created_date datetime, modified_date datetime, author varchar(255), content TEXT not null, title varchar(500) not null, primary key (id)) engine=InnoDB
Hibernate: create table user (id bigint not null auto_increment, created_date datetime, modified_date datetime, email varchar(255) not null, name varchar(255) not null, picture varchar(255), role varchar(255) not null, primary key (id)) engine=InnoDB
2020-12-22 14:10:23.055  INFO 10256 --- [    Test worker] o.h.t.schema.internal.SchemaCreatorImpl  : HHH000476: Executing import script 'org.hibernate.tool.schema.internal.exec.ScriptSourceInputNonExistentImpl@2b525d06'
2020-12-22 14:10:23.055  INFO 10256 --- [    Test worker] j.LocalContainerEntityManagerFactoryBean : Initialized JPA EntityManagerFactory for persistence unit 'default'
2020-12-22 14:10:23.272  INFO 10256 --- [    Test worker] o.h.h.i.QueryTranslatorFactoryInitiator  : HHH000397: Using ASTQueryTranslatorFactory
2020-12-22 14:10:23.392  INFO 10256 --- [    Test worker] o.s.s.web.DefaultSecurityFilterChain     : Creating filter chain: any request, [org.springframework.security.web.context.request.async.WebAsyncManagerIntegrationFilter@45ce17f7, org.springframework.security.web.context.SecurityContextPersistenceFilter@51998fb7, org.springframework.security.web.header.HeaderWriterFilter@2896fb64, org.springframework.security.web.authentication.logout.LogoutFilter@19f6cc27, org.springframework.security.oauth2.client.web.OAuth2AuthorizationRequestRedirectFilter@5ed99762, org.springframework.security.oauth2.client.web.OAuth2LoginAuthenticationFilter@509e1f17, org.springframework.security.web.authentication.ui.DefaultLoginPageGeneratingFilter@48f1f36, org.springframework.security.web.authentication.ui.DefaultLogoutPageGeneratingFilter@475f421e, org.springframework.security.web.savedrequest.RequestCacheAwareFilter@7df3ae60, org.springframework.security.web.servletapi.SecurityContextHolderAwareRequestFilter@62a13761, org.springframework.security.web.authentication.AnonymousAuthenticationFilter@55afbf10, org.springframework.security.web.session.SessionManagementFilter@3eeb146f, org.springframework.security.web.access.ExceptionTranslationFilter@7d6a2589, org.springframework.security.web.access.intercept.FilterSecurityInterceptor@1fe3be1e]
2020-12-22 14:10:23.522  INFO 10256 --- [    Test worker] o.s.s.concurrent.ThreadPoolTaskExecutor  : Initializing ExecutorService 'applicationTaskExecutor'
2020-12-22 14:10:23.531  WARN 10256 --- [    Test worker] aWebConfiguration$JpaWebMvcConfiguration : spring.jpa.open-in-view is enabled by default. Therefore, database queries may be performed during view rendering. Explicitly configure spring.jpa.open-in-view to disable this warning
2020-12-22 14:10:23.550  INFO 10256 --- [    Test worker] o.s.b.a.w.s.WelcomePageHandlerMapping    : Adding welcome page template: index
2020-12-22 14:10:23.725  INFO 10256 --- [    Test worker] s.a.ScheduledAnnotationBeanPostProcessor : No TaskScheduler/ScheduledExecutorService bean found for scheduled processing
2020-12-22 14:10:23.741  INFO 10256 --- [    Test worker] o.s.b.w.embedded.tomcat.TomcatWebServer  : Tomcat started on port(s): 64764 (http) with context path ''
2020-12-22 14:10:23.742  INFO 10256 --- [    Test worker] c.j.b.s.web.IndexControllerTest          : Started IndexControllerTest in 1.486 seconds (JVM running for 7.93)
2020-12-22 14:10:23.814  INFO 10256 --- [o-auto-1-exec-1] o.a.c.c.C.[Tomcat].[localhost].[/]       : Initializing Spring DispatcherServlet 'dispatcherServlet'
2020-12-22 14:10:23.814  INFO 10256 --- [o-auto-1-exec-1] o.s.web.servlet.DispatcherServlet        : Initializing Servlet 'dispatcherServlet'
2020-12-22 14:10:23.834  INFO 10256 --- [o-auto-1-exec-1] o.s.web.servlet.DispatcherServlet        : Completed initialization in 20 ms
Hibernate: select posts0_.id as id1_0_, posts0_.created_date as created_2_0_, posts0_.modified_date as modified3_0_, posts0_.author as author4_0_, posts0_.content as content5_0_, posts0_.title as title6_0_ from posts posts0_ order by posts0_.id DESC
]]></system-out>
  <system-err><![CDATA[]]></system-err>
</testsuite>
